<?xml version="1.0" encoding="UTF-8"?>
<!-- Generated by org.testng.reporters.JUnitXMLReporter -->
<testsuite ignored="0" hostname="EXPLPT503" failures="1" tests="4" name="Dependency Test" time="0.015" errors="0" timestamp="2023-05-22T15:32:33 IST">
  <testcase classname="testcases.TestCase3" name="doUserReg" time="0.001">
    <failure type="java.lang.AssertionError" message="User not registered successfully">
      <![CDATA[java.lang.AssertionError: User not registered successfully
at testcases.TestCase3.doUserReg(TestCase3.java:18)
at java.base/java.util.ArrayList.forEach(ArrayList.java:1511)
... Removed 29 stack frames]]>
    </failure>
  </testcase> <!-- doUserReg -->
  <testcase classname="testcases.TestCase3" name="doLogin" time="0.0">
    <skipped/>
  </testcase> <!-- doLogin -->
  <testcase classname="testcases.TestCase3" name="testThree" time="0.001"/>
  <testcase classname="testcases.TestCase3" name="testFour" time="0.0">
    <skipped/>
  </testcase> <!-- testFour -->
</testsuite> <!-- Dependency Test -->
